Sat Mar 10 04:45:54 2012 ] Leer: 1
Sat Mar 10 04:46:23 2012 ] Leer: 1
Sat Mar 10 04:46:49 2012 ] Leer: 0
Sat Mar 10 04:46:49 2012 ] Leer: 4
Sat Mar 10 04:46:50 2012 ] Leer: 5
Sat Mar 10 04:46:56 2012 ] Leer: 0
Sat Mar 10 04:46:56 2012 ] Leer: 4
Sat Mar 10 04:46:56 2012 ] Leer: 5
Sat Mar 10 04:46:56 2012 ] Leer: 2
Sat Mar 10 04:46:56 2012 ] Leer: 3
Sat Mar 10 04:47:14 2012 ] Leer: 0
Sat Mar 10 04:47:14 2012 ] Leer: 4
Sat Mar 10 04:47:14 2012 ] Leer: 5
Sat Mar 10 04:47:14 2012 ] Leer: 2
Sat Mar 10 04:47:14 2012 ] Leer: 3
Sat Mar 10 04:47:33 2012 ] Leer: 0
Sat Mar 10 04:47:34 2012 ] Leer: 4
Sat Mar 10 04:47:34 2012 ] Leer: 2
Sat Mar 10 04:47:34 2012 ] Leer: 5
Sat Mar 10 04:47:34 2012 ] Leer: 3
Sat Mar 10 04:47:42 2012 ] Leer: 1
Sat Mar 10 04:49:17 2012 ] Leer: 0
Sat Mar 10 05:05:28 2012Sat Mar 10 05:06:48 2012Sat Mar 10 05:08:12 2012Sat Mar 10 05:11:17 2012 ] CONNECT 10.42.1.157
Sat Mar 10 05:11:18 2012 ] Leer: 0
Sat Mar 10 05:11:53 2012 ] Leer: 0
Sat Mar 10 05:35:03 2012 ] Gekauft: 4
Sat Mar 10 08:16:06 2012 ] Gekauft: 3
Sat Mar 10 10:25:44 2012 ] Gekauft: 5
Sat Mar 10 10:25:59 2012 ] Gekauft: 5
Sat Mar 10 12:49:10 2012 ] Gekauft: 5
Sat Mar 10 14:09:21 2012 ] Gekauft: 4
Sat Mar 10 14:09:38 2012 ] Gekauft: 5
Sat Mar 10 15:15:57 2012 ] Gekauft: 0
Sat Mar 10 15:51:09 2012 ] Gekauft: 5
Sat Mar 10 16:49:29 2012 ] Gekauft: 5
Sat Mar 10 16:49:45 2012 ] Gekauft: 4
Sat Mar 10 17:13:42 2012 ] Gekauft: 4
Sat Mar 10 18:34:53 2012 ] CONNECT 10.42.1.157
Sat Mar 10 18:37:39 2012 ] Gekauft: 4
Sat Mar 10 18:45:35 2012 ] Gekauft: 4
Sat Mar 10 18:46:15 2012 ] Gekauft: 5
Sat Mar 10 18:58:23 2012 ] Gekauft: 4
Sat Mar 10 18:58:50 2012 ] Gekauft: 4
Sat Mar 10 19:00:37 2012 ] Gekauft: 4
Sat Mar 10 19:03:31 2012 ] Gekauft: 0
Sat Mar 10 19:31:37 2012 ] Gekauft: 4
Sat Mar 10 19:34:26 2012 ] Gekauft: 0
Sat Mar 10 19:35:43 2012 ] Leer: 1
Sat Mar 10 19:36:03 2012 ] Leer: 1
Sat Mar 10 19:42:27 2012 ] Gekauft: 5
Sat Mar 10 20:12:29 2012 ] Gekauft: 5
Sat Mar 10 20:30:29 2012 ] Gekauft: 5
Sat Mar 10 20:34:00 2012 ] Gekauft: 4
Sat Mar 10 20:43:32 2012 ] Gekauft: 4
Sat Mar 10 20:44:02 2012 ] Gekauft: 4
Sat Mar 10 20:44:07 2012 ] Leer: 1
Sat Mar 10 20:44:13 2012 ] Gekauft: 5
Sat Mar 10 20:44:45 2012 ] Gekauft: 5
Sat Mar 10 20:45:21 2012 ] Gekauft: 5
Sat Mar 10 20:58:57 2012 ] Gekauft: 5
Sat Mar 10 21:47:47 2012 ] CONNECT 10.42.1.157
Sat Mar 10 21:47:47 2012 ] welcomed client
Sat Mar 10 21:47:49 2012 ] Leer: 4
Sat Mar 10 21:48:38 2012 ] Leer: 4
Sat Mar 10 21:48:52 2012 ] Leer: 4
Sat Mar 10 21:49:56 2012 ] DISCONNECT 10.42.1.157
Sat Mar 10 21:49:56 2012 ] CONNECT 10.42.1.157
Sat Mar 10 21:49:56 2012 ] welcomed client
Sat Mar 10 21:49:56 2012 ] welcomed client
Sat Mar 10 21:50:24 2012 ] DISCONNECT 10.42.1.157
Sat Mar 10 21:51:06 2012 ] CONNECT 10.42.1.157
Sat Mar 10 21:51:06 2012 ] welcomed client
Sat Mar 10 21:51:07 2012 ] Leer: 4
Sat Mar 10 21:53:11 2012 ] Leer: 4
Sat Mar 10 21:53:43 2012 ] DISCONNECT 10.42.1.157
Sat Mar 10 21:54:15 2012 ] CONNECT 10.42.1.157
Sat Mar 10 21:54:15 2012 ] welcomed client
Sat Mar 10 21:54:19 2012 ] Leer: 4
Sat Mar 10 21:55:36 2012 ] Leer: 4
Sat Mar 10 21:56:01 2012 ] DISCONNECT 10.42.1.157
Sat Mar 10 21:56:01 2012 ] CONNECT 10.42.1.157
Sat Mar 10 21:56:01 2012 ] welcomed client
Sat Mar 10 21:56:29 2012 ] DISCONNECT 10.42.1.157
Sat Mar 10 21:56:29 2012 ] CONNECT 10.42.1.157
Sat Mar 10 21:56:29 2012 ] welcomed client
Sat Mar 10 22:00:12 2012 ] CONNECT 10.42.1.157
Sat Mar 10 22:01:06 2012 ] CONNECT 10.42.1.157
Sat Mar 10 22:01:06 2012 ] welcomed client
Sat Mar 10 22:01:06 2012 ] welcomed client
Sat Mar 10 22:02:50 2012 ] Leer: 4
Sat Mar 10 22:04:07 2012 ] Leer: 4
Sat Mar 10 22:06:51 2012 ] Gekauft: 5
Sat Mar 10 22:10:29 2012 ] Gekauft: 5
Sat Mar 10 22:14:57 2012 ] CONNECT 10.42.1.157
Sat Mar 10 22:14:57 2012 ] welcomed client
Sat Mar 10 22:15:52 2012 ] Gekauft: 5
Sat Mar 10 22:16:06 2012 ] Gekauft: 5
Sat Mar 10 22:19:17 2012 ] CONNECT 10.42.1.157
Sat Mar 10 22:19:17 2012 ] welcomed client
Sat Mar 10 22:19:17 2012 ] welcomed client
Sat Mar 10 22:19:21 2012 ] Leer: 4
Sat Mar 10 22:19:31 2012 ] Leer: 4
Sat Mar 10 22:19:50 2012 ] Leer: 4
Sat Mar 10 22:28:49 2012 ] CONNECT 10.42.1.157
Sat Mar 10 22:28:49 2012 ] welcomed client
Sat Mar 10 22:29:03 2012 ] Leer: 4
Sat Mar 10 22:29:19 2012 ] Leer: 4
Sat Mar 10 22:29:30 2012 ] Leer: 4
Sat Mar 10 22:29:44 2012 ] DISCONNECT 10.42.1.157
Sat Mar 10 22:29:45 2012 ] CONNECT 10.42.1.157
Sat Mar 10 22:29:45 2012 ] welcomed client
Sat Mar 10 22:30:01 2012 ] Gekauft: 3
Sat Mar 10 22:30:26 2012 ] Leer: 4
Sat Mar 10 22:31:46 2012 ] CONNECT 10.42.1.157
Sat Mar 10 22:31:46 2012 ] welcomed client
Sat Mar 10 22:32:00 2012 ] Gekauft: 3
Sat Mar 10 22:32:14 2012 ] Gekauft: 3
Sat Mar 10 22:38:43 2012 ] CONNECT 10.42.1.157
Sat Mar 10 22:38:43 2012 ] welcomed client
Sat Mar 10 22:39:26 2012 ] Gekauft: 0
Sat Mar 10 22:39:44 2012 ] Gekauft: 0
Sat Mar 10 22:39:52 2012 ] Gekauft: 0
Sat Mar 10 22:40:03 2012 ] Gekauft: 0
Sat Mar 10 22:40:13 2012 ] Gekauft: 0
Sat Mar 10 22:40:22 2012 ] Gekauft: 0
Sat Mar 10 22:40:32 2012 ] Gekauft: 0
Sat Mar 10 22:40:40 2012 ] Gekauft: 0
Sat Mar 10 22:40:50 2012 ] Gekauft: 0
Sat Mar 10 22:40:57 2012 ] Gekauft: 0
Sat Mar 10 22:41:09 2012 ] Gekauft: 0
Sat Mar 10 22:41:17 2012 ] Gekauft: 0
Sat Mar 10 22:41:25 2012 ] Gekauft: 0
Sat Mar 10 22:41:31 2012 ] Leer: 0
Sat Mar 10 22:42:13 2012 ] Gekauft: 2
Sat Mar 10 22:42:20 2012 ] Gekauft: 2
Sat Mar 10 22:42:26 2012 ] Gekauft: 2
Sat Mar 10 22:42:31 2012 ] Gekauft: 2
Sat Mar 10 22:42:37 2012 ] Gekauft: 2
Sat Mar 10 22:42:42 2012 ] Gekauft: 2
Sat Mar 10 22:42:48 2012 ] Gekauft: 2
Sat Mar 10 22:42:54 2012 ] Gekauft: 2
Sat Mar 10 22:43:00 2012 ] Gekauft: 2
Sat Mar 10 22:43:05 2012 ] Gekauft: 2
Sat Mar 10 22:43:11 2012 ] Gekauft: 2
Sat Mar 10 22:43:16 2012 ] Gekauft: 2
Sat Mar 10 22:43:22 2012 ] Gekauft: 2
Sat Mar 10 22:43:28 2012 ] Gekauft: 2
Sat Mar 10 22:43:34 2012 ] Gekauft: 2
Sat Mar 10 22:43:39 2012 ] Gekauft: 2
Sat Mar 10 22:43:45 2012 ] Gekauft: 2
Sat Mar 10 22:43:50 2012 ] Gekauft: 2
Sat Mar 10 22:43:56 2012 ] Gekauft: 2
Sat Mar 10 22:44:02 2012 ] Gekauft: 2
Sat Mar 10 22:44:07 2012 ] Gekauft: 2
Sat Mar 10 22:44:13 2012 ] Gekauft: 2
Sat Mar 10 22:44:19 2012 ] Gekauft: 2
Sat Mar 10 22:44:24 2012 ] Gekauft: 2
Sat Mar 10 22:44:30 2012 ] Gekauft: 2
Sat Mar 10 22:44:36 2012 ] Gekauft: 2
Sat Mar 10 22:44:41 2012 ] Gekauft: 2
Sat Mar 10 22:44:47 2012 ] Leer: 2
Sat Mar 10 22:45:01 2012 ] Gekauft: 3
Sat Mar 10 22:45:06 2012 ] Gekauft: 3
Sat Mar 10 22:45:12 2012 ] Gekauft: 3
Sat Mar 10 22:45:18 2012 ] Gekauft: 3
Sat Mar 10 22:45:23 2012 ] Gekauft: 3
Sat Mar 10 22:45:29 2012 ] Gekauft: 3
Sat Mar 10 22:45:34 2012 ] Gekauft: 3
Sat Mar 10 22:45:40 2012 ] Gekauft: 3
Sat Mar 10 22:45:45 2012 ] Gekauft: 3
Sat Mar 10 22:45:51 2012 ] Gekauft: 3
Sat Mar 10 22:45:57 2012 ] Gekauft: 3
Sat Mar 10 22:46:02 2012 ] Gekauft: 3
Sat Mar 10 22:46:08 2012 ] Gekauft: 3
Sat Mar 10 22:46:13 2012 ] Gekauft: 3
Sat Mar 10 22:46:19 2012 ] Gekauft: 3
Sat Mar 10 22:46:25 2012 ] Gekauft: 3
Sat Mar 10 22:46:30 2012 ] Gekauft: 3
Sat Mar 10 22:46:36 2012 ] Gekauft: 3
Sat Mar 10 22:46:41 2012 ] Gekauft: 3
Sat Mar 10 22:46:47 2012 ] Gekauft: 3
Sat Mar 10 22:46:52 2012 ] Gekauft: 3
Sat Mar 10 22:46:58 2012 ] Gekauft: 3
Sat Mar 10 22:47:04 2012 ] Gekauft: 3
Sat Mar 10 22:47:14 2012 ] Gekauft: 3
Sat Mar 10 22:47:28 2012 ] Gekauft: 3
Sat Mar 10 22:47:34 2012 ] Gekauft: 3
Sat Mar 10 22:47:39 2012 ] Leer: 3
Sat Mar 10 22:47:50 2012 ] Gekauft: 5
Sat Mar 10 22:48:16 2012 ] Gekauft: 1
Sat Mar 10 22:48:23 2012 ] Gekauft: 1
Sat Mar 10 22:48:29 2012 ] Gekauft: 1
Sat Mar 10 22:48:35 2012 ] Gekauft: 1
Sat Mar 10 22:48:40 2012 ] Gekauft: 1
Sat Mar 10 22:48:46 2012 ] Gekauft: 1
Sat Mar 10 22:48:52 2012 ] Gekauft: 1
Sat Mar 10 22:48:58 2012 ] Gekauft: 1
Sat Mar 10 22:49:03 2012 ] Gekauft: 1
Sat Mar 10 22:49:09 2012 ] Gekauft: 1
Sat Mar 10 22:49:14 2012 ] Gekauft: 1
Sat Mar 10 22:49:20 2012 ] Gekauft: 1
Sat Mar 10 22:49:26 2012 ] Gekauft: 1
Sat Mar 10 22:49:31 2012 ] Gekauft: 1
Sat Mar 10 22:49:37 2012 ] Gekauft: 1
Sat Mar 10 22:49:43 2012 ] Gekauft: 1
Sat Mar 10 22:49:48 2012 ] Gekauft: 1
Sat Mar 10 22:49:54 2012 ] Gekauft: 1
Sat Mar 10 22:50:00 2012 ] Gekauft: 1
Sat Mar 10 22:50:06 2012 ] Gekauft: 1
Sat Mar 10 22:50:11 2012 ] Gekauft: 1
Sat Mar 10 22:50:17 2012 ] Gekauft: 1
Sat Mar 10 22:50:22 2012 ] Gekauft: 1
Sat Mar 10 22:50:28 2012 ] Gekauft: 1
Sat Mar 10 22:50:34 2012 ] Gekauft: 1
Sat Mar 10 22:50:39 2012 ] Gekauft: 1
Sat Mar 10 22:50:45 2012 ] Gekauft: 1
Sat Mar 10 22:50:51 2012 ] Gekauft: 1
Sat Mar 10 22:51:01 2012 ] Gekauft: 1
Sat Mar 10 22:51:06 2012 ] Gekauft: 1
Sat Mar 10 22:51:12 2012 ] Leer: 1
Sat Mar 10 22:51:21 2012 ] Gekauft: 5
Sat Mar 10 22:51:26 2012 ] Leer: 5
Sat Mar 10 22:52:01 2012 ] Gekauft: 4
Sat Mar 10 22:52:07 2012 ] Leer: 4
Sat Mar 10 22:58:46 2012 ] Leer: 5
Sat Mar 10 23:03:50 2012 ] Gekauft: 0
Sat Mar 10 23:05:22 2012 ] Gekauft: 4
Sat Mar 10 23:19:25 2012 ] Gekauft: 4
Sat Mar 10 23:19:33 2012 ] Gekauft: 5
Sat Mar 10 23:32:50 2012 ] Gekauft: 4
Sat Mar 10 23:34:16 2012 ] Gekauft: 4
Sat Mar 10 23:45:47 2012 ] Gekauft: 4
Sun Mar 11 00:03:15 2012 ] Gekauft: 3
Sun Mar 11 00:03:41 2012 ] Gekauft: 4
Sun Mar 11 00:03:54 2012 ] Gekauft: 4
Sun Mar 11 00:28:59 2012 ] Gekauft: 5
Sun Mar 11 00:34:09 2012 ] Gekauft: 4
Sun Mar 11 00:39:27 2012 ] CONNECT 10.42.1.157
Sun Mar 11 00:39:27 2012 ] welcomed client
Sun Mar 11 01:11:45 2012 ] Gekauft: 5
Sun Mar 11 01:30:23 2012 ] Gekauft: 4
Sun Mar 11 01:30:33 2012 ] Gekauft: 5
Sun Mar 11 02:09:56 2012 ] Gekauft: 3
Sun Mar 11 02:15:02 2012 ] CONNECT 10.42.1.157
Sun Mar 11 02:15:02 2012 ] welcomed client
Sun Mar 11 03:18:02 2012 ] Gekauft: 5
Sun Mar 11 03:23:21 2012 ] Gekauft: 4
Sun Mar 11 03:42:41 2012 ] Gekauft: 4
Sun Mar 11 04:05:46 2012 ] Gekauft: 5
Sun Mar 11 04:06:47 2012 ] CONNECT 10.42.1.157
Sun Mar 11 04:06:47 2012 ] welcomed client
Sun Mar 11 04:14:28 2012 ] Gekauft: 4
Sun Mar 11 04:24:54 2012 ] Gekauft: 3
Sun Mar 11 04:26:57 2012 ] Gekauft: 5
Sun Mar 11 12:07:59 2012 ] Gekauft: 5
Sun Mar 11 13:23:19 2012 ] Gekauft: 3
Sun Mar 11 13:53:12 2012 ] Gekauft: 4
Sun Mar 11 13:53:26 2012 ] Gekauft: 4
Sun Mar 11 14:03:00 2012 ] Gekauft: 4
Sun Mar 11 14:17:20 2012 ] Gekauft: 4
Sun Mar 11 14:38:14 2012 ] Gekauft: 5
Sun Mar 11 14:41:24 2012 ] Gekauft: 3
Sun Mar 11 15:05:36 2012 ] Gekauft: 3
Sun Mar 11 15:45:45 2012 ] Gekauft: 3
Sun Mar 11 15:50:16 2012 ] Gekauft: 5
Sun Mar 11 16:31:17 2012 ] Gekauft: 5
Sun Mar 11 16:31:33 2012 ] Gekauft: 4
Sun Mar 11 16:53:52 2012 ] Gekauft: 5
Sun Mar 11 17:03:13 2012 ] Gekauft: 5
Sun Mar 11 17:03:27 2012 ] Gekauft: 4
Sun Mar 11 17:14:29 2012 ] Gekauft: 4
Sun Mar 11 17:36:50 2012 ] Gekauft: 5
Sun Mar 11 17:49:59 2012 ] Gekauft: 4
Sun Mar 11 18:15:01 2012 ] Gekauft: 3
Sun Mar 11 18:31:14 2012 ] Gekauft: 5
Sun Mar 11 18:34:06 2012 ] Gekauft: 4
Sun Mar 11 18:56:17 2012 ] Leer: 4
Sun Mar 11 18:57:24 2012 ] Leer: 4
Sun Mar 11 18:58:44 2012 ] Leer: 5
Sun Mar 11 18:59:49 2012 ] Leer: 5
Sun Mar 11 19:00:08 2012 ] Gekauft: 5
Sun Mar 11 19:02:47 2012 ] Gekauft: 4
Sun Mar 11 19:03:29 2012 ] Gekauft: 0
Sun Mar 11 19:14:51 2012 ] Gekauft: 5
Sun Mar 11 19:15:06 2012 ] Gekauft: 4
Sun Mar 11 19:16:06 2012 ] Gekauft: 3
Sun Mar 11 20:19:30 2012 ] Gekauft: 5
Sun Mar 11 20:25:26 2012 ] Gekauft: 4
Sun Mar 11 20:42:18 2012 ] Gekauft: 2
Sun Mar 11 20:44:40 2012 ] Gekauft: 5
Sun Mar 11 20:45:08 2012 ] Gekauft: 5
Sun Mar 11 21:03:10 2012 ] Gekauft: 4
Sun Mar 11 21:03:23 2012 ] Gekauft: 4
Sun Mar 11 21:06:37 2012 ] Gekauft: 4
Sun Mar 11 21:51:40 2012 ] Gekauft: 4
Sun Mar 11 22:12:44 2012 ] Gekauft: 4
Sun Mar 11 22:46:13 2012 ] Gekauft: 2
Mon Mar 12 13:59:20 2012 ] Gekauft: 4
Mon Mar 12 15:18:24 2012 ] Gekauft: 5
Mon Mar 12 17:23:49 2012 ] Gekauft: 5
Mon Mar 12 17:56:10 2012 ] Gekauft: 5
Mon Mar 12 19:20:02 2012 ] CONNECT 10.42.1.157
Mon Mar 12 19:20:02 2012 ] welcomed client
Mon Mar 12 19:22:33 2012 ] Gekauft: 4
Mon Mar 12 19:22:54 2012 ] Gekauft: 4
Mon Mar 12 19:28:40 2012 ] Gekauft: 4
Mon Mar 12 19:38:42 2012 ] Gekauft: 4
Mon Mar 12 19:38:56 2012 ] Gekauft: 5
Mon Mar 12 19:39:17 2012 ] Gekauft: 5
Mon Mar 12 19:44:09 2012 ] Gekauft: 5
Mon Mar 12 19:47:01 2012 ] CONNECT 10.42.1.157
Mon Mar 12 19:47:01 2012 ] welcomed client
Mon Mar 12 19:48:27 2012 ] Gekauft: 4 Übrig: 
Mon Mar 12 19:48:28 2012 ] CONNECT 10.42.1.157
Mon Mar 12 19:48:28 2012 ] welcomed client
Mon Mar 12 19:51:02 2012 ] CONNECT 10.42.1.157
Mon Mar 12 19:51:02 2012 ] welcomed client
Mon Mar 12 20:01:10 2012 ] CONNECT 10.42.1.157
Mon Mar 12 20:01:10 2012 ] welcomed client
Mon Mar 12 20:02:43 2012 ] Gekauft: 4 Reply: 
Mon Mar 12 20:06:32 2012 ] Gekauft: 5 Reply: 
Mon Mar 12 20:19:08 2012 ] Gekauft: 4 Reply: 
Mon Mar 12 20:21:27 2012 ] Gekauft: 5 Reply: 
Mon Mar 12 20:37:23 2012 ] Gekauft: 5 Reply: 
Mon Mar 12 20:48:01 2012 ] Gekauft: 4 Reply: 
Mon Mar 12 20:58:20 2012 ] Leer: 4
Mon Mar 12 20:58:20 2012 ] Leer: 5
Mon Mar 12 20:58:21 2012 ] Leer: 1
Mon Mar 12 21:14:53 2012 ] Leer: 4
Mon Mar 12 21:14:54 2012 ] Leer: 5
Mon Mar 12 21:14:55 2012 ] Leer: 1
Mon Mar 12 21:14:56 2012 ] Leer: 0
Mon Mar 12 21:14:57 2012 ] Leer: 3
Mon Mar 12 21:14:57 2012 ] Leer: 2
Mon Mar 12 21:15:31 2012 ] Gekauft: 5 Reply: 
Mon Mar 12 21:38:22 2012 ] Gekauft: 4 Reply: 
Mon Mar 12 22:20:26 2012 ] Gekauft: 4 Reply: 
Mon Mar 12 23:30:23 2012 ] Gekauft: 3 Reply: 
Tue Mar 13 00:37:12 2012 ] Gekauft: 4 Reply: 
Tue Mar 13 00:43:51 2012 ] Gekauft: 5 Reply: 
Tue Mar 13 01:04:30 2012 ] Gekauft: 4 Reply: 
Tue Mar 13 01:10:42 2012 ] Gekauft: 4 Reply: 
Tue Mar 13 03:13:51 2012 ] Gekauft: 5 Reply: 
Tue Mar 13 03:27:17 2012 ] Gekauft: 4 Reply: 
Tue Mar 13 03:27:53 2012 ] Gekauft: 4 Reply: 
Tue Mar 13 03:58:03 2012 ] Gekauft: 5 Reply: 
Tue Mar 13 07:57:58 2012 ] Gekauft: 4 Reply: 
Tue Mar 13 07:58:09 2012 ] Gekauft: 4 Reply: 
Tue Mar 13 16:25:05 2012 ] Gekauft: 4 Reply: 
Tue Mar 13 16:36:44 2012 ] Gekauft: 5 Reply: 
Tue Mar 13 17:24:57 2012 ] Gekauft: 5 Reply: 
Tue Mar 13 18:30:31 2012 ] Gekauft: 4 Reply: 
Tue Mar 13 18:40:38 2012 ] Gekauft: 5 Reply: 
Tue Mar 13 19:14:08 2012 ] Gekauft: 5 Reply: 
Tue Mar 13 20:24:17 2012 ] Gekauft: 2 Reply: 
Tue Mar 13 23:04:19 2012 ] Gekauft: 1 Reply: 
Wed Mar 14 00:06:54 2012 ] Gekauft: 1 Reply: 
Wed Mar 14 15:07:26 2012 ] Gekauft: 4 Reply: 
Wed Mar 14 16:53:04 2012 ] Gekauft: 4 Reply: 
Wed Mar 14 16:53:43 2012 ] Gekauft: 4 Reply: 
Wed Mar 14 17:39:55 2012 ] Gekauft: 4 Reply: 
Wed Mar 14 18:23:46 2012 ] Gekauft: 4 Reply: 
Wed Mar 14 18:28:59 2012 ] Gekauft: 5 Reply: 
Wed Mar 14 18:43:14 2012 ] Gekauft: 5 Reply: 
Wed Mar 14 18:43:28 2012 ] Gekauft: 4 Reply: 
Wed Mar 14 18:58:03 2012 ] Gekauft: 4 Reply: 
Wed Mar 14 18:59:35 2012 ] Gekauft: 4 Reply: 
Wed Mar 14 19:00:01 2012 ] Gekauft: 5 Reply: 
Wed Mar 14 19:05:43 2012 ] Gekauft: 5 Reply: 
Wed Mar 14 19:06:39 2012 ] Gekauft: 4 Reply: 
Wed Mar 14 19:07:18 2012 ] Gekauft: 0 Reply: 
Wed Mar 14 19:09:17 2012 ] Gekauft: 4 Reply: 
Wed Mar 14 19:22:09 2012 ] Gekauft: 4 Reply: 
Wed Mar 14 19:22:15 2012 ] Leer: 4
Wed Mar 14 19:52:14 2012 ] Gekauft: 5 Reply: 
Wed Mar 14 19:59:37 2012 ] Gekauft: 5 Reply: 
Wed Mar 14 20:21:24 2012 ] Gekauft: 3 Reply: 
Wed Mar 14 20:22:46 2012 ] Gekauft: 3 Reply: 
Wed Mar 14 20:43:50 2012 ] Gekauft: 5 Reply: 
Wed Mar 14 20:48:51 2012 ] Gekauft: 5 Reply: 
Wed Mar 14 21:12:15 2012 ] Gekauft: 5 Reply: 
Wed Mar 14 21:12:31 2012 ] Gekauft: 5 Reply: 
Wed Mar 14 21:30:19 2012 ] Gekauft: 5 Reply: 
Wed Mar 14 21:49:17 2012 ] CONNECT 10.42.1.157
Wed Mar 14 21:49:17 2012 ] welcomed client
Wed Mar 14 21:52:33 2012 ] CONNECT 10.42.1.157
Wed Mar 14 21:52:33 2012 ] welcomed client
Wed Mar 14 21:54:40 2012 ] Leer: 4
Wed Mar 14 21:54:47 2012 ] Leer: 4
Wed Mar 14 21:57:42 2012 ] CONNECT 10.42.1.157
Wed Mar 14 21:57:42 2012 ] welcomed client
Wed Mar 14 22:08:33 2012 ] Leer: 4
Wed Mar 14 22:11:24 2012 ] CONNECT 10.42.1.157
Wed Mar 14 22:11:24 2012 ] welcomed client
Wed Mar 14 22:11:24 2012 ] sending values
Wed Mar 14 22:11:24 2012 ] sending mentions
Wed Mar 14 22:12:30 2012 ] Leer: 4
Wed Mar 14 22:14:03 2012 ] welcomed client
Wed Mar 14 22:14:03 2012 ] sending values
Wed Mar 14 22:14:03 2012 ] sending mentions
Wed Mar 14 22:14:04 2012 ] Leer: 4
Wed Mar 14 22:18:58 2012 ] welcomed client
Wed Mar 14 22:18:58 2012 ] sending values
Wed Mar 14 22:18:58 2012 ] sending mentions
Wed Mar 14 22:18:59 2012 ] Leer: 4
Wed Mar 14 22:22:58 2012 ] CONNECT 10.42.1.157
Wed Mar 14 22:22:58 2012 ] welcomed client
Wed Mar 14 22:22:58 2012 ] sending values
Wed Mar 14 22:22:59 2012 ] sending mentions
Wed Mar 14 22:26:09 2012 ] welcomed client
Wed Mar 14 22:26:09 2012 ] sending values
Wed Mar 14 22:26:10 2012 ] sending mentions
Wed Mar 14 22:26:11 2012 ] Leer: 4
Wed Mar 14 22:28:24 2012 ] CONNECT 10.42.1.157
Wed Mar 14 22:28:24 2012 ] welcomed client
Wed Mar 14 22:28:24 2012 ] sending values
Wed Mar 14 22:28:25 2012 ] sending mentions
Wed Mar 14 22:30:54 2012 ] welcomed client
Wed Mar 14 22:30:54 2012 ] sending values
Wed Mar 14 22:30:54 2012 ] sending mentions
Wed Mar 14 22:30:55 2012 ] Leer: 4
Wed Mar 14 22:32:33 2012 ] CONNECT 10.42.1.157
Wed Mar 14 22:32:33 2012 ] welcomed client
Wed Mar 14 22:32:33 2012 ] sending values
Wed Mar 14 22:32:33 2012 ] sending mentions
Wed Mar 14 22:34:33 2012 ] CONNECT 10.42.1.157
Wed Mar 14 22:34:33 2012 ] welcomed client
Wed Mar 14 22:34:33 2012 ] sending values
Wed Mar 14 22:34:34 2012 ] sending mentions
Wed Mar 14 22:38:42 2012 ] CONNECT 10.42.1.157
Wed Mar 14 22:38:42 2012 ] welcomed client
Wed Mar 14 22:38:42 2012 ] sending values
Wed Mar 14 22:38:44 2012 ] sending mentions
Wed Mar 14 22:38:57 2012 ] CONNECT 10.42.1.157
Wed Mar 14 22:38:57 2012 ] welcomed client
Wed Mar 14 22:38:57 2012 ] sending values
Wed Mar 14 22:38:59 2012 ] sending mentions
Wed Mar 14 22:43:13 2012 ] CONNECT 10.42.1.157
Wed Mar 14 22:43:13 2012 ] welcomed client
Wed Mar 14 22:43:13 2012 ] sending values
Wed Mar 14 22:43:14 2012 ] sending mentions
Wed Mar 14 22:44:40 2012 ] CONNECT 10.42.1.157
Wed Mar 14 22:44:40 2012 ] welcomed client
Wed Mar 14 22:44:40 2012 ] sending values
Wed Mar 14 22:44:42 2012 ] sending mentions
Wed Mar 14 22:46:43 2012 ] welcomed client
Wed Mar 14 22:46:43 2012 ] sending values
Wed Mar 14 22:46:44 2012 ] sending mentions
Wed Mar 14 22:49:34 2012 ] CONNECT 10.42.1.157
Wed Mar 14 22:49:34 2012 ] welcomed client
Wed Mar 14 22:49:34 2012 ] sending values
Wed Mar 14 22:49:35 2012 ] sending mentions
Wed Mar 14 22:53:38 2012 ] CONNECT 10.42.1.157
Wed Mar 14 22:53:38 2012 ] welcomed client
Wed Mar 14 22:53:38 2012 ] sending values
Wed Mar 14 22:53:39 2012 ] sending mentions
Wed Mar 14 22:55:29 2012 ] Gekauft: 5
Wed Mar 14 22:58:14 2012 ] CONNECT 10.42.1.157
Wed Mar 14 22:58:14 2012 ] welcomed client
Wed Mar 14 22:58:14 2012 ] sending values
Wed Mar 14 22:58:15 2012 ] sending mentions
Wed Mar 14 22:58:26 2012 ] Gekauft: 5
Wed Mar 14 22:58:28 2012 ] CONNECT 10.42.1.157
Wed Mar 14 22:58:28 2012 ] welcomed client
Wed Mar 14 22:58:28 2012 ] sending values
Wed Mar 14 22:58:30 2012 ] sending mentions
Wed Mar 14 22:58:48 2012 ] Gekauft: 5
Wed Mar 14 22:58:51 2012 ] CONNECT 10.42.1.157
Wed Mar 14 22:58:51 2012 ] welcomed client
Wed Mar 14 22:58:51 2012 ] sending values
Wed Mar 14 22:58:52 2012 ] sending mentions
Wed Mar 14 23:00:02 2012 ] Gekauft: 5
Wed Mar 14 23:00:04 2012 ] CONNECT 10.42.1.157
Wed Mar 14 23:00:04 2012 ] welcomed client
Wed Mar 14 23:00:04 2012 ] sending values
Wed Mar 14 23:00:06 2012 ] sending mentions
Wed Mar 14 23:00:32 2012 ] CONNECT 10.42.1.157
Wed Mar 14 23:00:32 2012 ] welcomed client
Wed Mar 14 23:00:32 2012 ] sending values
Wed Mar 14 23:00:34 2012 ] sending mentions
Wed Mar 14 23:00:45 2012 ] Gekauft: 5
Wed Mar 14 23:00:47 2012 ] CONNECT 10.42.1.157
Wed Mar 14 23:00:47 2012 ] welcomed client
Wed Mar 14 23:00:47 2012 ] sending values
Wed Mar 14 23:00:49 2012 ] sending mentions
Wed Mar 14 23:02:32 2012 ] CONNECT 10.42.1.157
Wed Mar 14 23:02:32 2012 ] welcomed client
Wed Mar 14 23:02:32 2012 ] sending values
Wed Mar 14 23:02:34 2012 ] sending mentions
Wed Mar 14 23:02:39 2012 ] Gekauft: 5
Wed Mar 14 23:02:40 2012 ] sending values
Wed Mar 14 23:03:06 2012 ] Gekauft: 5
Wed Mar 14 23:03:07 2012 ] sending values
Wed Mar 14 23:03:31 2012 ] Gekauft: 5
Wed Mar 14 23:03:32 2012 ] sending values
Thu Mar 15 11:32:05 2012 ] Gekauft: 4
Thu Mar 15 11:32:06 2012 ] sending values
Thu Mar 15 16:03:20 2012 ] Gekauft: 4
Thu Mar 15 16:03:21 2012 ] sending values
Thu Mar 15 18:01:41 2012 ] welcomed client
Thu Mar 15 18:01:41 2012 ] sending values
Thu Mar 15 18:01:42 2012 ] sending mentions
Thu Mar 15 18:05:05 2012 ] Gekauft: 4
Thu Mar 15 18:05:06 2012 ] sending values
Thu Mar 15 18:06:00 2012 ] Leer: 1
Thu Mar 15 18:06:01 2012 ] Leer: 1
Thu Mar 15 18:06:01 2012 ] Leer: 1
Thu Mar 15 18:06:03 2012 ] Leer: 2
Thu Mar 15 18:06:04 2012 ] Leer: 2
Thu Mar 15 18:06:04 2012 ] Leer: 2
Thu Mar 15 18:06:04 2012 ] Leer: 2
Thu Mar 15 18:06:05 2012 ] Leer: 2
Thu Mar 15 18:06:07 2012 ] Leer: 2
Thu Mar 15 18:06:09 2012 ] Leer: 2
Thu Mar 15 18:06:10 2012 ] Leer: 2
Thu Mar 15 18:06:10 2012 ] Leer: 2
Thu Mar 15 18:06:12 2012 ] Leer: 2
Thu Mar 15 18:06:13 2012 ] Leer: 2
Thu Mar 15 18:06:14 2012 ] Leer: 2
Thu Mar 15 18:06:14 2012 ] Leer: 2
Thu Mar 15 18:06:14 2012 ] Leer: 2
Thu Mar 15 18:06:16 2012 ] Leer: 2
Thu Mar 15 18:06:16 2012 ] Leer: 2
Thu Mar 15 18:06:17 2012 ] Leer: 2
Thu Mar 15 18:06:17 2012 ] Leer: 2
Thu Mar 15 18:06:18 2012 ] Leer: 2
Thu Mar 15 18:06:20 2012 ] Leer: 2
Thu Mar 15 18:06:20 2012 ] Leer: 2
Thu Mar 15 18:06:21 2012 ] Leer: 2
Thu Mar 15 18:06:22 2012 ] Leer: 2
Thu Mar 15 18:06:23 2012 ] Leer: 2
Thu Mar 15 18:06:24 2012 ] Leer: 2
Thu Mar 15 18:06:25 2012 ] Leer: 2
Thu Mar 15 18:06:27 2012 ] Leer: 2
Thu Mar 15 18:06:28 2012 ] Leer: 2
Thu Mar 15 18:06:28 2012 ] Leer: 2
Thu Mar 15 18:06:29 2012 ] Leer: 2
Thu Mar 15 18:06:29 2012 ] Leer: 2
Thu Mar 15 18:06:31 2012 ] Leer: 2
Thu Mar 15 18:06:32 2012 ] Leer: 2
Thu Mar 15 18:06:32 2012 ] Leer: 2
Thu Mar 15 18:06:33 2012 ] Leer: 2
Thu Mar 15 18:06:35 2012 ] Leer: 3
Thu Mar 15 18:06:35 2012 ] Leer: 3
Thu Mar 15 18:06:36 2012 ] Leer: 3
Thu Mar 15 18:06:37 2012 ] Leer: 3
Thu Mar 15 18:06:37 2012 ] Leer: 3
Thu Mar 15 18:06:37 2012 ] Leer: 3
Thu Mar 15 18:06:39 2012 ] Leer: 3
Thu Mar 15 18:06:40 2012 ] Leer: 3
Thu Mar 15 18:06:40 2012 ] Leer: 3
Thu Mar 15 18:06:40 2012 ] Leer: 3
Thu Mar 15 18:06:41 2012 ] Leer: 3
Thu Mar 15 18:06:43 2012 ] Leer: 3
Thu Mar 15 18:06:44 2012 ] CONNECT 10.42.1.157
Thu Mar 15 18:06:44 2012 ] welcomed client
Thu Mar 15 18:06:44 2012 ] sending values
Thu Mar 15 18:06:45 2012 ] sending mentions
Thu Mar 15 18:07:32 2012 ] welcomed client
Thu Mar 15 18:07:32 2012 ] sending values
Thu Mar 15 18:07:33 2012 ] sending mentions
Thu Mar 15 18:14:16 2012 ] Gekauft: 2
Thu Mar 15 18:14:17 2012 ] sending values
Thu Mar 15 18:16:35 2012 ] welcomed client
Thu Mar 15 18:16:35 2012 ] sending values
Thu Mar 15 18:16:37 2012 ] sending mentions
Thu Mar 15 18:17:02 2012 ] welcomed client
Thu Mar 15 18:17:02 2012 ] sending values
Thu Mar 15 18:17:04 2012 ] sending mentions
Thu Mar 15 18:17:11 2012 ] welcomed client
Thu Mar 15 18:17:11 2012 ] sending values
Thu Mar 15 18:17:12 2012 ] sending mentions
Thu Mar 15 18:37:48 2012 ] welcomed client
Thu Mar 15 18:37:48 2012 ] sending values
Thu Mar 15 18:37:49 2012 ] sending mentions
Thu Mar 15 18:40:09 2012 ] welcomed client
Thu Mar 15 18:40:09 2012 ] sending values
Thu Mar 15 18:40:10 2012 ] sending mentions
Thu Mar 15 18:41:37 2012 ] welcomed client
Thu Mar 15 18:41:37 2012 ] sending values
Thu Mar 15 18:41:38 2012 ] sending mentions
Thu Mar 15 18:44:41 2012 ] welcomed client
Thu Mar 15 18:44:41 2012 ] sending values
Thu Mar 15 18:44:42 2012 ] sending mentions
Thu Mar 15 18:46:45 2012 ] welcomed client
Thu Mar 15 18:46:45 2012 ] sending values
Thu Mar 15 18:46:47 2012 ] sending mentions
Thu Mar 15 18:56:43 2012 ] Gekauft: 4
Thu Mar 15 18:56:44 2012 ] sending values
Thu Mar 15 19:11:11 2012 ] CONNECT 10.42.1.157
Thu Mar 15 19:11:11 2012 ] welcomed client
Thu Mar 15 19:11:11 2012 ] sending values
Thu Mar 15 19:11:12 2012 ] sending mentions
Thu Mar 15 19:12:48 2012 ] CONNECT 10.42.1.157
Thu Mar 15 19:12:48 2012 ] welcomed client
Thu Mar 15 19:12:48 2012 ] sending values
Thu Mar 15 19:12:49 2012 ] sending mentions
Thu Mar 15 19:15:55 2012 ] CONNECT 10.42.1.157
Thu Mar 15 19:16:55 2012 ] CONNECT 10.42.1.157
Thu Mar 15 19:17:56 2012 ] CONNECT 10.42.1.157
Thu Mar 15 19:17:56 2012 ] welcomed client
Thu Mar 15 19:17:56 2012 ] sending values
Thu Mar 15 19:17:57 2012 ] sending mentions
Thu Mar 15 19:20:33 2012 ] CONNECT 10.42.1.157
Thu Mar 15 19:20:33 2012 ] welcomed client
Thu Mar 15 19:20:33 2012 ] sending values
Thu Mar 15 19:20:35 2012 ] sending mentions
Thu Mar 15 19:24:06 2012 ] welcomed client
Thu Mar 15 19:24:06 2012 ] sending values
Thu Mar 15 19:24:07 2012 ] sending mentions
Thu Mar 15 19:44:55 2012 ] CONNECT 10.42.1.157
Thu Mar 15 19:44:55 2012 ] welcomed client
Thu Mar 15 19:44:55 2012 ] sending values
Thu Mar 15 19:44:56 2012 ] sending mentions
Thu Mar 15 19:56:06 2012 ] CONNECT 10.42.1.157
Thu Mar 15 19:56:06 2012 ] welcomed client
Thu Mar 15 19:56:06 2012 ] sending values
Thu Mar 15 19:56:08 2012 ] sending mentions
Thu Mar 15 19:56:15 2012 ] Gekauft: 4
Thu Mar 15 19:56:16 2012 ] sending values
Thu Mar 15 20:01:45 2012 ] CONNECT 10.42.1.157
Thu Mar 15 20:01:45 2012 ] welcomed client
Thu Mar 15 20:01:45 2012 ] sending values
Thu Mar 15 20:01:47 2012 ] sending mentions
Thu Mar 15 20:07:31 2012 ] CONNECT 10.42.1.157
Thu Mar 15 20:07:31 2012 ] welcomed client
Thu Mar 15 20:07:31 2012 ] sending values
Thu Mar 15 20:07:33 2012 ] sending mentions
Thu Mar 15 20:09:16 2012 ] CONNECT 10.42.1.157
Thu Mar 15 20:09:16 2012 ] welcomed client
Thu Mar 15 20:09:16 2012 ] sending values
Thu Mar 15 20:09:17 2012 ] sending mentions
Thu Mar 15 20:23:18 2012 ] CONNECT 10.42.1.157
Thu Mar 15 20:23:18 2012 ] welcomed client
Thu Mar 15 20:23:18 2012 ] sending values
Thu Mar 15 20:23:20 2012 ] sending mentions
Thu Mar 15 20:24:25 2012 ] CONNECT 10.42.1.157
Thu Mar 15 20:24:25 2012 ] welcomed client
Thu Mar 15 20:24:25 2012 ] sending values
Thu Mar 15 20:24:26 2012 ] sending mentions
Thu Mar 15 20:25:25 2012 ] CONNECT 10.42.1.157
Thu Mar 15 20:25:25 2012 ] welcomed client
Thu Mar 15 20:25:25 2012 ] sending values
Thu Mar 15 20:25:26 2012 ] sending mentions
Thu Mar 15 20:58:47 2012 ] CONNECT 10.42.1.157
Thu Mar 15 20:58:47 2012 ] welcomed client
Thu Mar 15 20:58:47 2012 ] sending values
Thu Mar 15 20:58:49 2012 ] sending mentions
Thu Mar 15 21:00:44 2012 ] CONNECT 10.42.1.157
Thu Mar 15 21:00:44 2012 ] welcomed client
Thu Mar 15 21:00:44 2012 ] sending values
Thu Mar 15 21:00:45 2012 ] sending mentions
Thu Mar 15 21:03:10 2012 ] CONNECT 10.42.1.157
Thu Mar 15 21:03:10 2012 ] welcomed client
Thu Mar 15 21:03:10 2012 ] sending values
Thu Mar 15 21:03:11 2012 ] sending mentions
Thu Mar 15 21:06:06 2012 ] Gekauft: 4
Thu Mar 15 21:06:08 2012 ] sending values
Thu Mar 15 21:15:02 2012 ] CONNECT 10.42.1.157
Thu Mar 15 21:15:02 2012 ] welcomed client
Thu Mar 15 21:15:02 2012 ] sending values
Thu Mar 15 21:15:04 2012 ] sending mentions
Thu Mar 15 21:18:55 2012 ] CONNECT 10.42.1.157
Thu Mar 15 21:18:55 2012 ] welcomed client
Thu Mar 15 21:18:55 2012 ] sending values
Thu Mar 15 21:18:57 2012 ] sending mentions
Thu Mar 15 21:29:17 2012 ] CONNECT 10.42.1.157
Thu Mar 15 21:29:17 2012 ] welcomed client
Thu Mar 15 21:29:17 2012 ] sending values
Thu Mar 15 21:29:19 2012 ] sending mentions
Thu Mar 15 21:34:10 2012 ] CONNECT 10.42.1.157
Thu Mar 15 21:34:10 2012 ] welcomed client
Thu Mar 15 21:34:10 2012 ] sending values
Thu Mar 15 21:34:12 2012 ] sending mentions
Thu Mar 15 21:43:32 2012 ] CONNECT 10.42.1.157
Thu Mar 15 21:43:32 2012 ] welcomed client
Thu Mar 15 21:43:32 2012 ] sending values
Thu Mar 15 21:43:34 2012 ] sending mentions
Thu Mar 15 21:43:56 2012 ] Leer: 4
Thu Mar 15 21:43:58 2012 ] Leer: 5
Thu Mar 15 21:43:58 2012 ] Leer: 1
Thu Mar 15 21:43:58 2012 ] Leer: 0
Thu Mar 15 21:43:58 2012 ] Leer: 3
Thu Mar 15 21:43:58 2012 ] Leer: 2
Thu Mar 15 21:45:27 2012 ] Gekauft: 4
Thu Mar 15 21:45:28 2012 ] sending values
Thu Mar 15 22:52:56 2012 ] CONNECT 10.42.1.157
Thu Mar 15 22:52:56 2012 ] welcomed client
Thu Mar 15 22:52:56 2012 ] sending values
Thu Mar 15 22:52:58 2012 ] sending mentions
Thu Mar 15 23:10:17 2012 ] Gekauft: 5
Thu Mar 15 23:10:18 2012 ] sending values
Thu Mar 15 23:13:04 2012 ] welcomed client
Thu Mar 15 23:13:04 2012 ] sending values
Thu Mar 15 23:13:06 2012 ] sending mentions
Thu Mar 15 23:13:07 2012 ] welcomed client
Thu Mar 15 23:13:07 2012 ] sending values
Thu Mar 15 23:13:09 2012 ] sending mentions
Thu Mar 15 23:13:10 2012 ] welcomed client
Thu Mar 15 23:13:10 2012 ] sending values
Thu Mar 15 23:13:11 2012 ] sending mentions
Thu Mar 15 23:13:13 2012 ] welcomed client
Thu Mar 15 23:13:13 2012 ] sending values
Thu Mar 15 23:13:14 2012 ] sending mentions
Thu Mar 15 23:13:15 2012 ] welcomed client
Thu Mar 15 23:13:15 2012 ] sending values
Thu Mar 15 23:13:17 2012 ] sending mentions
Thu Mar 15 23:13:18 2012 ] welcomed client
Thu Mar 15 23:13:18 2012 ] sending values
Thu Mar 15 23:13:20 2012 ] sending mentions
Thu Mar 15 23:13:21 2012 ] welcomed client
Thu Mar 15 23:13:21 2012 ] sending values
Thu Mar 15 23:13:22 2012 ] sending mentions
Thu Mar 15 23:13:23 2012 ] welcomed client
Thu Mar 15 23:13:23 2012 ] sending values
Thu Mar 15 23:13:25 2012 ] sending mentions
Thu Mar 15 23:13:26 2012 ] welcomed client
Thu Mar 15 23:13:26 2012 ] sending values
Thu Mar 15 23:13:28 2012 ] sending mentions
Thu Mar 15 23:13:29 2012 ] welcomed client
Thu Mar 15 23:13:29 2012 ] sending values
Thu Mar 15 23:13:30 2012 ] sending mentions
Thu Mar 15 23:13:32 2012 ] welcomed client
Thu Mar 15 23:13:32 2012 ] sending values
Thu Mar 15 23:13:33 2012 ] sending mentions
Thu Mar 15 23:13:34 2012 ] welcomed client
Thu Mar 15 23:13:34 2012 ] sending values
Thu Mar 15 23:13:36 2012 ] sending mentions
Thu Mar 15 23:13:37 2012 ] welcomed client
Thu Mar 15 23:13:37 2012 ] sending values
Thu Mar 15 23:13:39 2012 ] sending mentions
Thu Mar 15 23:13:40 2012 ] welcomed client
Thu Mar 15 23:13:40 2012 ] sending values
Thu Mar 15 23:13:41 2012 ] sending mentions
Thu Mar 15 23:13:43 2012 ] welcomed client
Thu Mar 15 23:13:43 2012 ] sending values
Thu Mar 15 23:13:44 2012 ] sending mentions
Thu Mar 15 23:13:45 2012 ] welcomed client
Thu Mar 15 23:13:45 2012 ] sending values
Thu Mar 15 23:13:47 2012 ] sending mentions
Thu Mar 15 23:13:48 2012 ] welcomed client
Thu Mar 15 23:13:48 2012 ] sending values
Thu Mar 15 23:13:50 2012 ] sending mentions
Thu Mar 15 23:13:51 2012 ] welcomed client
Thu Mar 15 23:13:51 2012 ] sending values
Thu Mar 15 23:13:52 2012 ] sending mentions
Thu Mar 15 23:13:53 2012 ] welcomed client
Thu Mar 15 23:13:53 2012 ] sending values
Thu Mar 15 23:13:55 2012 ] sending mentions
Thu Mar 15 23:13:56 2012 ] welcomed client
Thu Mar 15 23:13:56 2012 ] sending values
Thu Mar 15 23:13:58 2012 ] sending mentions
Thu Mar 15 23:13:59 2012 ] welcomed client
Thu Mar 15 23:13:59 2012 ] sending values
Thu Mar 15 23:14:00 2012 ] sending mentions
Thu Mar 15 23:14:02 2012 ] welcomed client
Thu Mar 15 23:14:02 2012 ] sending values
Thu Mar 15 23:14:03 2012 ] sending mentions
Thu Mar 15 23:14:04 2012 ] welcomed client
Thu Mar 15 23:14:04 2012 ] sending values
Thu Mar 15 23:14:06 2012 ] sending mentions
Thu Mar 15 23:14:07 2012 ] welcomed client
Thu Mar 15 23:14:07 2012 ] sending values
Thu Mar 15 23:14:09 2012 ] sending mentions
Thu Mar 15 23:14:10 2012 ] welcomed client
Thu Mar 15 23:14:10 2012 ] sending values
Thu Mar 15 23:14:11 2012 ] sending mentions
Thu Mar 15 23:14:12 2012 ] welcomed client
Thu Mar 15 23:14:12 2012 ] sending values
Thu Mar 15 23:14:14 2012 ] sending mentions
Thu Mar 15 23:14:15 2012 ] welcomed client
Thu Mar 15 23:14:15 2012 ] sending values
Thu Mar 15 23:14:17 2012 ] sending mentions
Thu Mar 15 23:14:18 2012 ] welcomed client
Thu Mar 15 23:14:18 2012 ] sending values
Thu Mar 15 23:14:20 2012 ] sending mentions
Thu Mar 15 23:14:21 2012 ] welcomed client
Thu Mar 15 23:14:21 2012 ] sending values
Thu Mar 15 23:14:22 2012 ] sending mentions
Thu Mar 15 23:14:23 2012 ] welcomed client
Thu Mar 15 23:14:23 2012 ] sending values
Thu Mar 15 23:14:25 2012 ] sending mentions
Thu Mar 15 23:14:26 2012 ] welcomed client
Thu Mar 15 23:14:26 2012 ] sending values
Thu Mar 15 23:14:28 2012 ] sending mentions
Thu Mar 15 23:14:29 2012 ] welcomed client
Thu Mar 15 23:14:29 2012 ] sending values
Thu Mar 15 23:14:30 2012 ] sending mentions
Thu Mar 15 23:14:32 2012 ] welcomed client
Thu Mar 15 23:14:32 2012 ] sending values
Thu Mar 15 23:14:33 2012 ] sending mentions
Thu Mar 15 23:14:34 2012 ] welcomed client
Thu Mar 15 23:14:34 2012 ] sending values
Thu Mar 15 23:14:36 2012 ] sending mentions
Thu Mar 15 23:14:37 2012 ] welcomed client
Thu Mar 15 23:14:37 2012 ] sending values
Thu Mar 15 23:14:39 2012 ] sending mentions
Thu Mar 15 23:14:40 2012 ] welcomed client
Thu Mar 15 23:14:40 2012 ] sending values
Thu Mar 15 23:14:41 2012 ] sending mentions
Thu Mar 15 23:14:42 2012 ] welcomed client
Thu Mar 15 23:14:42 2012 ] sending values
Thu Mar 15 23:14:44 2012 ] sending mentions
Thu Mar 15 23:14:45 2012 ] welcomed client
Thu Mar 15 23:14:45 2012 ] sending values
Thu Mar 15 23:14:47 2012 ] sending mentions
Thu Mar 15 23:14:48 2012 ] welcomed client
Thu Mar 15 23:14:48 2012 ] sending values
Thu Mar 15 23:14:50 2012 ] sending mentions
Thu Mar 15 23:14:51 2012 ] welcomed client
Thu Mar 15 23:14:51 2012 ] sending values
Thu Mar 15 23:14:52 2012 ] sending mentions
Thu Mar 15 23:14:53 2012 ] welcomed client
Thu Mar 15 23:14:53 2012 ] sending values
Thu Mar 15 23:14:55 2012 ] sending mentions
Thu Mar 15 23:14:56 2012 ] welcomed client
Thu Mar 15 23:14:56 2012 ] sending values
Thu Mar 15 23:14:58 2012 ] sending mentions
Thu Mar 15 23:14:59 2012 ] welcomed client
Thu Mar 15 23:14:59 2012 ] sending values
Thu Mar 15 23:15:00 2012 ] sending mentions
Thu Mar 15 23:15:02 2012 ] welcomed client
Thu Mar 15 23:15:02 2012 ] sending values
Thu Mar 15 23:15:03 2012 ] sending mentions
Thu Mar 15 23:15:04 2012 ] welcomed client
Thu Mar 15 23:15:04 2012 ] sending values
Thu Mar 15 23:15:06 2012 ] sending mentions
Thu Mar 15 23:15:07 2012 ] welcomed client
Thu Mar 15 23:15:07 2012 ] sending values
Thu Mar 15 23:15:09 2012 ] sending mentions
Thu Mar 15 23:15:10 2012 ] welcomed client
Thu Mar 15 23:15:10 2012 ] sending values
Thu Mar 15 23:15:11 2012 ] sending mentions
Thu Mar 15 23:15:12 2012 ] welcomed client
Thu Mar 15 23:15:12 2012 ] sending values
Thu Mar 15 23:15:14 2012 ] sending mentions
Thu Mar 15 23:15:15 2012 ] welcomed client
Thu Mar 15 23:15:15 2012 ] sending values
Thu Mar 15 23:15:17 2012 ] sending mentions
Thu Mar 15 23:15:18 2012 ] welcomed client
Thu Mar 15 23:15:18 2012 ] sending values
Thu Mar 15 23:15:19 2012 ] sending mentions
Thu Mar 15 23:15:21 2012 ] welcomed client
Thu Mar 15 23:15:21 2012 ] sending values
Thu Mar 15 23:15:22 2012 ] sending mentions
Thu Mar 15 23:15:23 2012 ] welcomed client
Thu Mar 15 23:15:23 2012 ] sending values
Thu Mar 15 23:15:25 2012 ] sending mentions
Thu Mar 15 23:15:26 2012 ] welcomed client
Thu Mar 15 23:15:26 2012 ] sending values
Thu Mar 15 23:15:28 2012 ] sending mentions
Thu Mar 15 23:15:29 2012 ] welcomed client
Thu Mar 15 23:15:29 2012 ] sending values
Thu Mar 15 23:15:30 2012 ] sending mentions
Thu Mar 15 23:15:31 2012 ] welcomed client
Thu Mar 15 23:15:31 2012 ] sending values
Thu Mar 15 23:15:33 2012 ] sending mentions
Thu Mar 15 23:15:34 2012 ] welcomed client
Thu Mar 15 23:15:34 2012 ] sending values
Thu Mar 15 23:15:36 2012 ] sending mentions
Thu Mar 15 23:15:37 2012 ] welcomed client
Thu Mar 15 23:15:37 2012 ] sending values
Thu Mar 15 23:15:39 2012 ] sending mentions
Thu Mar 15 23:15:40 2012 ] welcomed client
Thu Mar 15 23:15:40 2012 ] sending values
Thu Mar 15 23:15:41 2012 ] sending mentions
Thu Mar 15 23:15:42 2012 ] welcomed client
Thu Mar 15 23:15:42 2012 ] sending values
Thu Mar 15 23:15:44 2012 ] sending mentions
Thu Mar 15 23:15:45 2012 ] welcomed client
Thu Mar 15 23:15:45 2012 ] sending values
Thu Mar 15 23:15:47 2012 ] sending mentions
Thu Mar 15 23:15:48 2012 ] welcomed client
Thu Mar 15 23:15:48 2012 ] sending values
Thu Mar 15 23:15:49 2012 ] sending mentions
Thu Mar 15 23:15:50 2012 ] welcomed client
Thu Mar 15 23:15:50 2012 ] sending values
Thu Mar 15 23:15:52 2012 ] sending mentions
Thu Mar 15 23:15:53 2012 ] welcomed client
Thu Mar 15 23:15:53 2012 ] sending values
Thu Mar 15 23:15:55 2012 ] sending mentions
Thu Mar 15 23:15:56 2012 ] welcomed client
Thu Mar 15 23:15:56 2012 ] sending values
Thu Mar 15 23:15:58 2012 ] sending mentions
Thu Mar 15 23:15:59 2012 ] welcomed client
Thu Mar 15 23:15:59 2012 ] sending values
Thu Mar 15 23:16:00 2012 ] sending mentions
Thu Mar 15 23:16:01 2012 ] welcomed client
Thu Mar 15 23:16:01 2012 ] sending values
Thu Mar 15 23:16:03 2012 ] sending mentions
Thu Mar 15 23:16:04 2012 ] welcomed client
Thu Mar 15 23:16:04 2012 ] sending values
Thu Mar 15 23:16:06 2012 ] sending mentions
Thu Mar 15 23:16:07 2012 ] welcomed client
Thu Mar 15 23:16:07 2012 ] sending values
Thu Mar 15 23:16:08 2012 ] sending mentions
Thu Mar 15 23:16:10 2012 ] welcomed client
Thu Mar 15 23:16:10 2012 ] sending values
Thu Mar 15 23:16:11 2012 ] sending mentions
Thu Mar 15 23:16:12 2012 ] welcomed client
Thu Mar 15 23:16:12 2012 ] sending values
Thu Mar 15 23:16:14 2012 ] sending mentions
Thu Mar 15 23:16:15 2012 ] welcomed client
Thu Mar 15 23:16:15 2012 ] sending values
Thu Mar 15 23:16:17 2012 ] sending mentions
Thu Mar 15 23:16:18 2012 ] welcomed client
Thu Mar 15 23:16:18 2012 ] sending values
Thu Mar 15 23:16:19 2012 ] sending mentions
Thu Mar 15 23:16:20 2012 ] welcomed client
Thu Mar 15 23:16:20 2012 ] sending values
Thu Mar 15 23:16:22 2012 ] sending mentions
Thu Mar 15 23:16:23 2012 ] welcomed client
Thu Mar 15 23:16:23 2012 ] sending values
Thu Mar 15 23:16:25 2012 ] sending mentions
Thu Mar 15 23:16:26 2012 ] welcomed client
Thu Mar 15 23:16:26 2012 ] sending values
Thu Mar 15 23:16:28 2012 ] sending mentions
Thu Mar 15 23:16:29 2012 ] welcomed client
Thu Mar 15 23:16:29 2012 ] sending values
Thu Mar 15 23:16:30 2012 ] sending mentions
Thu Mar 15 23:16:31 2012 ] welcomed client
Thu Mar 15 23:16:31 2012 ] sending values
Thu Mar 15 23:16:33 2012 ] sending mentions
Thu Mar 15 23:16:34 2012 ] welcomed client
Thu Mar 15 23:16:34 2012 ] sending values
Thu Mar 15 23:16:36 2012 ] sending mentions
Thu Mar 15 23:16:37 2012 ] welcomed client
Thu Mar 15 23:16:37 2012 ] sending values
Thu Mar 15 23:16:38 2012 ] sending mentions
Thu Mar 15 23:16:40 2012 ] welcomed client
Thu Mar 15 23:16:40 2012 ] sending values
Thu Mar 15 23:16:41 2012 ] sending mentions
Thu Mar 15 23:16:42 2012 ] welcomed client
Thu Mar 15 23:16:42 2012 ] sending values
Thu Mar 15 23:16:44 2012 ] sending mentions
Thu Mar 15 23:16:45 2012 ] welcomed client
Thu Mar 15 23:16:45 2012 ] sending values
Thu Mar 15 23:16:47 2012 ] sending mentions
Thu Mar 15 23:16:48 2012 ] welcomed client
Thu Mar 15 23:16:48 2012 ] sending values
Thu Mar 15 23:16:49 2012 ] sending mentions
Thu Mar 15 23:16:50 2012 ] welcomed client
Thu Mar 15 23:16:50 2012 ] sending values
Thu Mar 15 23:16:52 2012 ] sending mentions
Thu Mar 15 23:16:53 2012 ] welcomed client
Thu Mar 15 23:16:53 2012 ] sending values
Thu Mar 15 23:16:55 2012 ] sending mentions
Thu Mar 15 23:16:56 2012 ] welcomed client
Thu Mar 15 23:16:56 2012 ] sending values
Thu Mar 15 23:16:58 2012 ] sending mentions
Thu Mar 15 23:16:59 2012 ] welcomed client
Thu Mar 15 23:16:59 2012 ] sending values
Thu Mar 15 23:17:00 2012 ] sending mentions
Thu Mar 15 23:17:01 2012 ] welcomed client
Thu Mar 15 23:17:01 2012 ] sending values
Thu Mar 15 23:17:03 2012 ] sending mentions
Thu Mar 15 23:17:04 2012 ] welcomed client
Thu Mar 15 23:17:04 2012 ] sending values
Thu Mar 15 23:17:06 2012 ] sending mentions
Thu Mar 15 23:17:07 2012 ] welcomed client
Thu Mar 15 23:17:07 2012 ] sending values
Thu Mar 15 23:17:08 2012 ] sending mentions
Thu Mar 15 23:17:13 2012 ] welcomed client
Thu Mar 15 23:17:13 2012 ] sending values
Thu Mar 15 23:17:14 2012 ] sending mentions
Thu Mar 15 23:17:15 2012 ] welcomed client
Thu Mar 15 23:17:15 2012 ] sending values
Thu Mar 15 23:17:17 2012 ] sending mentions
Thu Mar 15 23:17:18 2012 ] welcomed client
Thu Mar 15 23:17:18 2012 ] sending values
Thu Mar 15 23:17:20 2012 ] sending mentions
Thu Mar 15 23:17:21 2012 ] welcomed client
Thu Mar 15 23:17:21 2012 ] sending values
Thu Mar 15 23:17:22 2012 ] sending mentions
Thu Mar 15 23:17:23 2012 ] welcomed client
Thu Mar 15 23:17:23 2012 ] sending values
Thu Mar 15 23:17:25 2012 ] sending mentions
Thu Mar 15 23:18:25 2012 ] CONNECT 10.42.1.157
Thu Mar 15 23:18:25 2012 ] welcomed client
Thu Mar 15 23:18:25 2012 ] sending values
Thu Mar 15 23:18:26 2012 ] sending mentions
Thu Mar 15 23:18:27 2012 ] welcomed client
Thu Mar 15 23:18:27 2012 ] sending values
Thu Mar 15 23:18:29 2012 ] sending mentions
Thu Mar 15 23:18:30 2012 ] welcomed client
Thu Mar 15 23:18:30 2012 ] sending values
Thu Mar 15 23:18:32 2012 ] sending mentions
Thu Mar 15 23:18:33 2012 ] welcomed client
Thu Mar 15 23:18:33 2012 ] sending values
Thu Mar 15 23:18:34 2012 ] sending mentions
Thu Mar 15 23:18:35 2012 ] welcomed client
Thu Mar 15 23:18:35 2012 ] sending values
Thu Mar 15 23:18:37 2012 ] sending mentions
Thu Mar 15 23:18:38 2012 ] welcomed client
Thu Mar 15 23:18:38 2012 ] sending values
Thu Mar 15 23:18:39 2012 ] sending mentions
Thu Mar 15 23:18:41 2012 ] welcomed client
Thu Mar 15 23:18:41 2012 ] sending values
Thu Mar 15 23:18:43 2012 ] sending mentions
Thu Mar 15 23:18:44 2012 ] welcomed client
Thu Mar 15 23:18:44 2012 ] sending values
Thu Mar 15 23:18:45 2012 ] sending mentions
Thu Mar 15 23:18:46 2012 ] welcomed client
Thu Mar 15 23:18:46 2012 ] sending values
Thu Mar 15 23:18:48 2012 ] sending mentions
Thu Mar 15 23:18:49 2012 ] welcomed client
Thu Mar 15 23:18:49 2012 ] sending values
Thu Mar 15 23:18:51 2012 ] sending mentions
Thu Mar 15 23:18:52 2012 ] welcomed client
Thu Mar 15 23:18:52 2012 ] sending values
Thu Mar 15 23:18:53 2012 ] sending mentions
Thu Mar 15 23:18:55 2012 ] welcomed client
Thu Mar 15 23:18:55 2012 ] sending values
Thu Mar 15 23:18:56 2012 ] sending mentions
Thu Mar 15 23:18:57 2012 ] welcomed client
Thu Mar 15 23:18:57 2012 ] sending values
Thu Mar 15 23:18:59 2012 ] sending mentions
Thu Mar 15 23:19:00 2012 ] welcomed client
Thu Mar 15 23:19:00 2012 ] sending values
Thu Mar 15 23:19:02 2012 ] sending mentions
Thu Mar 15 23:19:03 2012 ] welcomed client
Thu Mar 15 23:19:03 2012 ] sending values
Thu Mar 15 23:19:04 2012 ] sending mentions
Thu Mar 15 23:19:05 2012 ] welcomed client
Thu Mar 15 23:19:05 2012 ] sending values
Thu Mar 15 23:19:07 2012 ] sending mentions
Thu Mar 15 23:19:08 2012 ] welcomed client
Thu Mar 15 23:19:08 2012 ] sending values
Thu Mar 15 23:19:10 2012 ] sending mentions
Thu Mar 15 23:19:11 2012 ] welcomed client
Thu Mar 15 23:19:11 2012 ] sending values
Thu Mar 15 23:19:12 2012 ] sending mentions
Thu Mar 15 23:19:14 2012 ] welcomed client
Thu Mar 15 23:19:14 2012 ] sending values
Thu Mar 15 23:19:15 2012 ] sending mentions
Thu Mar 15 23:19:16 2012 ] welcomed client
Thu Mar 15 23:19:16 2012 ] sending values
Thu Mar 15 23:19:18 2012 ] sending mentions
Thu Mar 15 23:19:19 2012 ] welcomed client
Thu Mar 15 23:19:19 2012 ] sending values
Thu Mar 15 23:19:21 2012 ] sending mentions
Thu Mar 15 23:19:22 2012 ] welcomed client
Thu Mar 15 23:19:22 2012 ] sending values
Thu Mar 15 23:19:23 2012 ] sending mentions
Thu Mar 15 23:19:24 2012 ] welcomed client
Thu Mar 15 23:19:24 2012 ] sending values
Thu Mar 15 23:19:26 2012 ] sending mentions
Thu Mar 15 23:19:27 2012 ] welcomed client
Thu Mar 15 23:19:27 2012 ] sending values
Thu Mar 15 23:19:29 2012 ] sending mentions
Thu Mar 15 23:19:30 2012 ] welcomed client
Thu Mar 15 23:19:30 2012 ] sending values
Thu Mar 15 23:19:32 2012 ] sending mentions
Thu Mar 15 23:19:33 2012 ] welcomed client
Thu Mar 15 23:19:33 2012 ] sending values
Thu Mar 15 23:19:34 2012 ] sending mentions
Thu Mar 15 23:19:35 2012 ] welcomed client
Thu Mar 15 23:19:35 2012 ] sending values
Thu Mar 15 23:19:37 2012 ] sending mentions
Thu Mar 15 23:19:38 2012 ] welcomed client
Thu Mar 15 23:19:38 2012 ] sending values
Thu Mar 15 23:19:40 2012 ] sending mentions
Thu Mar 15 23:19:41 2012 ] welcomed client
Thu Mar 15 23:19:41 2012 ] sending values
Thu Mar 15 23:19:42 2012 ] sending mentions
Thu Mar 15 23:19:44 2012 ] welcomed client
Thu Mar 15 23:19:44 2012 ] sending values
Thu Mar 15 23:19:45 2012 ] sending mentions
Thu Mar 15 23:19:46 2012 ] welcomed client
Thu Mar 15 23:19:46 2012 ] sending values
Thu Mar 15 23:19:48 2012 ] sending mentions
Thu Mar 15 23:19:49 2012 ] welcomed client
Thu Mar 15 23:19:49 2012 ] sending values
Thu Mar 15 23:19:51 2012 ] sending mentions
Thu Mar 15 23:19:52 2012 ] welcomed client
Thu Mar 15 23:19:52 2012 ] sending values
Thu Mar 15 23:19:53 2012 ] sending mentions
Thu Mar 15 23:19:54 2012 ] welcomed client
Thu Mar 15 23:19:54 2012 ] sending values
Thu Mar 15 23:19:56 2012 ] sending mentions
Thu Mar 15 23:19:57 2012 ] welcomed client
Thu Mar 15 23:19:57 2012 ] sending values
Thu Mar 15 23:19:59 2012 ] sending mentions
Thu Mar 15 23:20:00 2012 ] welcomed client
Thu Mar 15 23:20:00 2012 ] sending values
Thu Mar 15 23:20:02 2012 ] sending mentions
Thu Mar 15 23:20:03 2012 ] welcomed client
Thu Mar 15 23:20:03 2012 ] sending values
Thu Mar 15 23:20:04 2012 ] sending mentions
Thu Mar 15 23:20:05 2012 ] welcomed client
Thu Mar 15 23:20:05 2012 ] sending values
Thu Mar 15 23:20:07 2012 ] sending mentions
Thu Mar 15 23:20:08 2012 ] welcomed client
Thu Mar 15 23:20:08 2012 ] sending values
Thu Mar 15 23:20:10 2012 ] sending mentions
Thu Mar 15 23:20:11 2012 ] welcomed client
Thu Mar 15 23:20:11 2012 ] sending values
Thu Mar 15 23:20:12 2012 ] sending mentions
Thu Mar 15 23:20:14 2012 ] welcomed client
Thu Mar 15 23:20:14 2012 ] sending values
Thu Mar 15 23:20:15 2012 ] sending mentions
Thu Mar 15 23:20:16 2012 ] welcomed client
Thu Mar 15 23:20:16 2012 ] sending values
Thu Mar 15 23:20:18 2012 ] sending mentions
Thu Mar 15 23:20:19 2012 ] welcomed client
Thu Mar 15 23:20:19 2012 ] sending values
Thu Mar 15 23:20:21 2012 ] sending mentions
Thu Mar 15 23:20:22 2012 ] welcomed client
Thu Mar 15 23:20:22 2012 ] sending values
Thu Mar 15 23:20:23 2012 ] sending mentions
Thu Mar 15 23:20:24 2012 ] welcomed client
Thu Mar 15 23:20:24 2012 ] sending values
Thu Mar 15 23:20:26 2012 ] sending mentions
Thu Mar 15 23:20:27 2012 ] welcomed client
Thu Mar 15 23:20:27 2012 ] sending values
Thu Mar 15 23:20:29 2012 ] sending mentions
Thu Mar 15 23:20:30 2012 ] welcomed client
Thu Mar 15 23:20:30 2012 ] sending values
Thu Mar 15 23:20:31 2012 ] sending mentions
Thu Mar 15 23:20:33 2012 ] welcomed client
Thu Mar 15 23:20:33 2012 ] sending values
Thu Mar 15 23:20:35 2012 ] sending mentions
Thu Mar 15 23:20:36 2012 ] welcomed client
Thu Mar 15 23:20:36 2012 ] sending values
Thu Mar 15 23:20:37 2012 ] sending mentions
Thu Mar 15 23:20:38 2012 ] welcomed client
Thu Mar 15 23:20:38 2012 ] sending values
Thu Mar 15 23:20:40 2012 ] sending mentions
Thu Mar 15 23:20:41 2012 ] welcomed client
Thu Mar 15 23:20:41 2012 ] sending values
Thu Mar 15 23:20:43 2012 ] sending mentions
Thu Mar 15 23:20:44 2012 ] welcomed client
Thu Mar 15 23:20:44 2012 ] sending values
Thu Mar 15 23:20:45 2012 ] sending mentions
Thu Mar 15 23:20:47 2012 ] welcomed client
Thu Mar 15 23:20:47 2012 ] sending values
Thu Mar 15 23:20:48 2012 ] sending mentions
Thu Mar 15 23:20:49 2012 ] welcomed client
Thu Mar 15 23:20:49 2012 ] sending values
Thu Mar 15 23:20:51 2012 ] sending mentions
Thu Mar 15 23:20:52 2012 ] welcomed client
Thu Mar 15 23:20:52 2012 ] sending values
Thu Mar 15 23:20:54 2012 ] sending mentions
Thu Mar 15 23:20:55 2012 ] welcomed client
Thu Mar 15 23:20:55 2012 ] sending values
Thu Mar 15 23:20:56 2012 ] sending mentions
Thu Mar 15 23:20:57 2012 ] welcomed client
Thu Mar 15 23:20:57 2012 ] sending values
Thu Mar 15 23:20:59 2012 ] sending mentions
Thu Mar 15 23:21:00 2012 ] welcomed client
Thu Mar 15 23:21:00 2012 ] sending values
Thu Mar 15 23:21:02 2012 ] sending mentions
Thu Mar 15 23:21:03 2012 ] welcomed client
Thu Mar 15 23:21:03 2012 ] sending values
Thu Mar 15 23:21:04 2012 ] sending mentions
Thu Mar 15 23:21:06 2012 ] welcomed client
Thu Mar 15 23:21:06 2012 ] sending values
Thu Mar 15 23:21:07 2012 ] sending mentions
Thu Mar 15 23:21:08 2012 ] welcomed client
Thu Mar 15 23:21:08 2012 ] sending values
Thu Mar 15 23:21:10 2012 ] sending mentions
Thu Mar 15 23:21:11 2012 ] welcomed client
Thu Mar 15 23:21:11 2012 ] sending values
Thu Mar 15 23:21:13 2012 ] sending mentions
Thu Mar 15 23:21:14 2012 ] welcomed client
Thu Mar 15 23:21:14 2012 ] sending values
Thu Mar 15 23:21:15 2012 ] sending mentions
Thu Mar 15 23:21:16 2012 ] welcomed client
Thu Mar 15 23:21:16 2012 ] sending values
Thu Mar 15 23:21:18 2012 ] sending mentions
Thu Mar 15 23:21:19 2012 ] welcomed client
Thu Mar 15 23:21:19 2012 ] sending values
Thu Mar 15 23:21:21 2012 ] sending mentions
Thu Mar 15 23:21:22 2012 ] welcomed client
Thu Mar 15 23:21:22 2012 ] sending values
Thu Mar 15 23:21:24 2012 ] sending mentions
Thu Mar 15 23:21:25 2012 ] welcomed client
Thu Mar 15 23:21:25 2012 ] sending values
Thu Mar 15 23:21:26 2012 ] sending mentions
Thu Mar 15 23:21:27 2012 ] welcomed client
Thu Mar 15 23:21:27 2012 ] sending values
Thu Mar 15 23:21:29 2012 ] sending mentions
Thu Mar 15 23:21:30 2012 ] welcomed client
Thu Mar 15 23:21:30 2012 ] sending values
Thu Mar 15 23:21:32 2012 ] sending mentions
Thu Mar 15 23:21:33 2012 ] welcomed client
Thu Mar 15 23:21:33 2012 ] sending values
Thu Mar 15 23:21:35 2012 ] sending mentions
Thu Mar 15 23:21:36 2012 ] welcomed client
Thu Mar 15 23:21:36 2012 ] sending values
Thu Mar 15 23:21:37 2012 ] sending mentions
Thu Mar 15 23:21:38 2012 ] welcomed client
Thu Mar 15 23:21:38 2012 ] sending values
Thu Mar 15 23:21:40 2012 ] sending mentions
Thu Mar 15 23:21:41 2012 ] welcomed client
Thu Mar 15 23:21:41 2012 ] sending values
Thu Mar 15 23:21:43 2012 ] sending mentions
Thu Mar 15 23:21:44 2012 ] welcomed client
Thu Mar 15 23:21:44 2012 ] sending values
Thu Mar 15 23:21:46 2012 ] sending mentions
Thu Mar 15 23:21:47 2012 ] welcomed client
Thu Mar 15 23:21:47 2012 ] sending values
Thu Mar 15 23:21:48 2012 ] sending mentions
Thu Mar 15 23:21:50 2012 ] welcomed client
Thu Mar 15 23:21:50 2012 ] sending values
Thu Mar 15 23:21:51 2012 ] sending mentions
Thu Mar 15 23:21:52 2012 ] welcomed client
Thu Mar 15 23:21:52 2012 ] sending values
Thu Mar 15 23:21:54 2012 ] sending mentions
Thu Mar 15 23:21:55 2012 ] welcomed client
Thu Mar 15 23:21:55 2012 ] sending values
Thu Mar 15 23:21:57 2012 ] sending mentions
Thu Mar 15 23:21:58 2012 ] welcomed client
Thu Mar 15 23:21:58 2012 ] sending values
Thu Mar 15 23:21:59 2012 ] sending mentions
Thu Mar 15 23:22:00 2012 ] welcomed client
Thu Mar 15 23:22:00 2012 ] sending values
Thu Mar 15 23:22:02 2012 ] sending mentions
Thu Mar 15 23:22:03 2012 ] welcomed client
Thu Mar 15 23:22:03 2012 ] sending values
Thu Mar 15 23:22:05 2012 ] sending mentions
Thu Mar 15 23:22:06 2012 ] welcomed client
Thu Mar 15 23:22:06 2012 ] sending values
Thu Mar 15 23:22:08 2012 ] sending mentions
Thu Mar 15 23:22:09 2012 ] welcomed client
Thu Mar 15 23:22:09 2012 ] sending values
Thu Mar 15 23:22:10 2012 ] sending mentions
Thu Mar 15 23:22:11 2012 ] welcomed client
Thu Mar 15 23:22:11 2012 ] sending values
Thu Mar 15 23:22:13 2012 ] sending mentions
Thu Mar 15 23:22:14 2012 ] welcomed client
Thu Mar 15 23:22:14 2012 ] sending values
Thu Mar 15 23:22:16 2012 ] sending mentions
Thu Mar 15 23:22:17 2012 ] welcomed client
Thu Mar 15 23:22:17 2012 ] sending values
Thu Mar 15 23:22:18 2012 ] sending mentions
Thu Mar 15 23:22:19 2012 ] welcomed client
Thu Mar 15 23:22:19 2012 ] sending values
Thu Mar 15 23:22:21 2012 ] sending mentions
Thu Mar 15 23:22:22 2012 ] welcomed client
Thu Mar 15 23:22:22 2012 ] sending values
Thu Mar 15 23:22:24 2012 ] sending mentions
Thu Mar 15 23:22:25 2012 ] welcomed client
Thu Mar 15 23:22:25 2012 ] sending values
Thu Mar 15 23:22:27 2012 ] sending mentions
Thu Mar 15 23:22:28 2012 ] welcomed client
Thu Mar 15 23:22:28 2012 ] sending values
Thu Mar 15 23:22:29 2012 ] sending mentions
Thu Mar 15 23:22:30 2012 ] welcomed client
Thu Mar 15 23:22:30 2012 ] sending values
Thu Mar 15 23:22:32 2012 ] sending mentions
Thu Mar 15 23:22:33 2012 ] welcomed client
Thu Mar 15 23:22:33 2012 ] sending values
Thu Mar 15 23:22:35 2012 ] sending mentions
Thu Mar 15 23:22:36 2012 ] welcomed client
Thu Mar 15 23:22:36 2012 ] sending values
Thu Mar 15 23:22:37 2012 ] sending mentions
Thu Mar 15 23:22:39 2012 ] welcomed client
Thu Mar 15 23:22:39 2012 ] sending values
Thu Mar 15 23:22:40 2012 ] sending mentions
Thu Mar 15 23:22:41 2012 ] welcomed client
Thu Mar 15 23:22:41 2012 ] sending values
Thu Mar 15 23:22:43 2012 ] sending mentions
Thu Mar 15 23:22:44 2012 ] welcomed client
Thu Mar 15 23:22:44 2012 ] sending values
Thu Mar 15 23:22:46 2012 ] sending mentions
Thu Mar 15 23:22:47 2012 ] welcomed client
Thu Mar 15 23:22:47 2012 ] sending values
Thu Mar 15 23:22:48 2012 ] sending mentions
Thu Mar 15 23:22:49 2012 ] welcomed client
Thu Mar 15 23:22:49 2012 ] sending values
Thu Mar 15 23:22:51 2012 ] sending mentions
Thu Mar 15 23:22:52 2012 ] welcomed client
Thu Mar 15 23:22:52 2012 ] sending values
Thu Mar 15 23:22:54 2012 ] sending mentions
Thu Mar 15 23:22:55 2012 ] welcomed client
Thu Mar 15 23:22:55 2012 ] sending values
Thu Mar 15 23:22:57 2012 ] sending mentions
Thu Mar 15 23:22:58 2012 ] welcomed client
Thu Mar 15 23:22:58 2012 ] sending values
Thu Mar 15 23:22:59 2012 ] sending mentions
Thu Mar 15 23:23:00 2012 ] welcomed client
Thu Mar 15 23:23:00 2012 ] sending values
Thu Mar 15 23:23:02 2012 ] sending mentions
Thu Mar 15 23:23:03 2012 ] welcomed client
Thu Mar 15 23:23:03 2012 ] sending values
Thu Mar 15 23:23:05 2012 ] sending mentions
Thu Mar 15 23:23:06 2012 ] welcomed client
Thu Mar 15 23:23:06 2012 ] sending values
Thu Mar 15 23:23:07 2012 ] sending mentions
Thu Mar 15 23:23:08 2012 ] welcomed client
Thu Mar 15 23:23:08 2012 ] sending values
Thu Mar 15 23:23:10 2012 ] sending mentions
Thu Mar 15 23:26:54 2012 ] Gekauft: 5
Thu Mar 15 23:26:56 2012 ] sending values
Fri Mar 16 12:55:12 2012 ] Gekauft: 4
Fri Mar 16 12:55:14 2012 ] sending values
Fri Mar 16 15:11:24 2012 ] CONNECT 10.42.1.157
Fri Mar 16 15:11:24 2012 ] welcomed client
Fri Mar 16 15:11:24 2012 ] sending values
Fri Mar 16 15:11:26 2012 ] sending mentions
Fri Mar 16 15:11:27 2012 ] welcomed client
Fri Mar 16 15:11:27 2012 ] sending values
Fri Mar 16 15:11:29 2012 ] sending mentions
Fri Mar 16 15:11:30 2012 ] welcomed client
Fri Mar 16 15:11:30 2012 ] sending values
Fri Mar 16 15:11:32 2012 ] sending mentions
Fri Mar 16 15:11:33 2012 ] welcomed client
Fri Mar 16 15:11:33 2012 ] sending values
Fri Mar 16 15:11:34 2012 ] sending mentions
Fri Mar 16 15:11:36 2012 ] welcomed client
Fri Mar 16 15:11:36 2012 ] sending values
Fri Mar 16 15:11:37 2012 ] sending mentions
Fri Mar 16 15:11:38 2012 ] welcomed client
Fri Mar 16 15:11:38 2012 ] sending values
Fri Mar 16 15:11:40 2012 ] sending mentions
Fri Mar 16 15:11:41 2012 ] welcomed client
Fri Mar 16 15:11:41 2012 ] sending values
Fri Mar 16 15:11:43 2012 ] sending mentions
Fri Mar 16 15:11:44 2012 ] welcomed client
Fri Mar 16 15:11:44 2012 ] sending values
Fri Mar 16 15:11:45 2012 ] sending mentions
Fri Mar 16 15:11:46 2012 ] welcomed client
Fri Mar 16 15:11:46 2012 ] sending values
Fri Mar 16 15:11:48 2012 ] sending mentions
Fri Mar 16 15:11:49 2012 ] welcomed client
Fri Mar 16 15:11:49 2012 ] sending values
Fri Mar 16 15:11:51 2012 ] sending mentions
Fri Mar 16 15:11:52 2012 ] welcomed client
Fri Mar 16 15:11:52 2012 ] sending values
Fri Mar 16 15:11:54 2012 ] sending mentions
Fri Mar 16 15:11:55 2012 ] welcomed client
Fri Mar 16 15:11:55 2012 ] sending values
Fri Mar 16 15:11:56 2012 ] sending mentions
Fri Mar 16 15:11:57 2012 ] welcomed client
Fri Mar 16 15:11:57 2012 ] sending values
Fri Mar 16 15:11:59 2012 ] sending mentions
Fri Mar 16 15:12:00 2012 ] welcomed client
Fri Mar 16 15:12:00 2012 ] sending values
Fri Mar 16 15:12:02 2012 ] sending mentions
Fri Mar 16 15:13:39 2012 ] CONNECT 10.42.1.157
Fri Mar 16 15:13:39 2012 ] welcomed client
Fri Mar 16 15:13:39 2012 ] sending values
Fri Mar 16 15:13:40 2012 ] sending mentions
Fri Mar 16 15:13:42 2012 ] welcomed client
Fri Mar 16 15:13:42 2012 ] sending values
Fri Mar 16 15:13:43 2012 ] sending mentions
Fri Mar 16 15:14:51 2012 ] CONNECT 10.42.1.157
Fri Mar 16 15:14:51 2012 ] welcomed client
Fri Mar 16 15:14:51 2012 ] sending values
Fri Mar 16 15:14:53 2012 ] sending mentions
Fri Mar 16 15:14:54 2012 ] welcomed client
Fri Mar 16 15:14:54 2012 ] sending values
Fri Mar 16 15:14:56 2012 ] sending mentions
Fri Mar 16 15:14:56 2012 ] welcomed client
Fri Mar 16 15:14:56 2012 ] sending values
Fri Mar 16 15:14:57 2012 ] sending mentions
Fri Mar 16 15:14:58 2012 ] welcomed client
Fri Mar 16 15:14:58 2012 ] sending values
Fri Mar 16 15:14:59 2012 ] sending mentions
Fri Mar 16 15:14:59 2012 ] welcomed client
Fri Mar 16 15:14:59 2012 ] sending values
Fri Mar 16 15:15:01 2012 ] sending mentions
Fri Mar 16 15:15:01 2012 ] welcomed client
Fri Mar 16 15:15:01 2012 ] sending values
Fri Mar 16 15:15:03 2012 ] sending mentions
Fri Mar 16 15:15:03 2012 ] welcomed client
Fri Mar 16 15:15:03 2012 ] sending values
Fri Mar 16 15:15:05 2012 ] sending mentions
Fri Mar 16 15:15:05 2012 ] welcomed client
Fri Mar 16 15:15:05 2012 ] sending values
Fri Mar 16 15:15:49 2012 ] CONNECT 10.42.1.157
Fri Mar 16 15:15:49 2012 ] welcomed client
Fri Mar 16 15:15:49 2012 ] sending values
Fri Mar 16 15:15:50 2012 ] sending mentions
Fri Mar 16 15:15:52 2012 ] welcomed client
Fri Mar 16 15:15:52 2012 ] sending values
Fri Mar 16 15:15:53 2012 ] CONNECT 10.42.1.157
Fri Mar 16 15:15:53 2012 ] welcomed client
Fri Mar 16 15:15:53 2012 ] sending values
Fri Mar 16 15:24:02 2012 ] CONNECT 10.42.1.157
Fri Mar 16 15:24:02 2012 ] welcomed client
Fri Mar 16 15:24:02 2012 ] sending values
Fri Mar 16 15:24:04 2012 ] sending mentions
Fri Mar 16 15:24:05 2012 ] welcomed client
Fri Mar 16 15:24:05 2012 ] sending values
Fri Mar 16 15:24:07 2012 ] sending mentions
Fri Mar 16 15:27:10 2012 ] CONNECT 10.42.1.157
Fri Mar 16 15:27:10 2012 ] welcomed client
Fri Mar 16 15:27:10 2012 ] sending values
Fri Mar 16 15:27:12 2012 ] sending mentions
Fri Mar 16 15:27:13 2012 ] welcomed client
Fri Mar 16 15:27:13 2012 ] sending values
Fri Mar 16 15:27:15 2012 ] sending mentions
Fri Mar 16 15:37:58 2012 ] Gekauft: 4
Fri Mar 16 15:38:00 2012 ] sending values
Fri Mar 16 16:14:23 2012 ] Gekauft: 4
Fri Mar 16 16:14:24 2012 ] sending values
Fri Mar 16 16:18:42 2012 ] welcomed client
Fri Mar 16 16:18:42 2012 ] sending values
Fri Mar 16 16:18:44 2012 ] sending mentions
Fri Mar 16 17:49:20 2012 ] Gekauft: 5
Fri Mar 16 17:49:21 2012 ] sending values
Fri Mar 16 18:45:44 2012 ] Gekauft: 3
Fri Mar 16 18:45:45 2012 ] sending values
Fri Mar 16 19:00:21 2012 ] Gekauft: 4
Fri Mar 16 19:00:22 2012 ] sending values
Fri Mar 16 19:00:52 2012 ] Gekauft: 4
Fri Mar 16 19:00:54 2012 ] sending values
Fri Mar 16 19:03:10 2012 ] Gekauft: 5
Fri Mar 16 19:03:11 2012 ] sending values
Fri Mar 16 19:03:24 2012 ] Gekauft: 5
Fri Mar 16 19:03:25 2012 ] sending values
Fri Mar 16 19:03:59 2012 ] Gekauft: 5
Fri Mar 16 19:04:00 2012 ] sending values
Fri Mar 16 19:23:11 2012 ] Gekauft: 5
Fri Mar 16 19:23:12 2012 ] sending values
Fri Mar 16 20:32:46 2012 ] Gekauft: 5
Fri Mar 16 20:32:47 2012 ] sending values
Fri Mar 16 20:45:25 2012 ] CONNECT 10.42.1.157
Fri Mar 16 20:45:25 2012 ] welcomed client
Fri Mar 16 20:45:25 2012 ] sending values
Fri Mar 16 20:45:27 2012 ] sending mentions
Fri Mar 16 20:51:24 2012 ] Gekauft: 2
Fri Mar 16 20:51:25 2012 ] sending values
